<?xml version="1.0" encoding="UTF-8"?>
<Site BuildName="(empty)"
	BuildStamp="20250526-1350-Experimental"
	Name="rodri-ubuntu"
	Generator="ctest-3.16.3"
	CompilerName="/usr/bin/c++"
	CompilerVersion="9.4.0"
	OSName="Linux"
	Hostname="rodri-ubuntu"
	OSRelease="5.9.1-rt20"
	OSVersion="#1 SMP PREEMPT_RT Mon Mar 11 21:18:38 CET 2024"
	OSPlatform="x86_64"
	Is64Bits="1"
	VendorString="GenuineIntel"
	VendorID="Intel Corporation"
	FamilyID="6"
	ModelID="142"
	ProcessorCacheSize="8192"
	NumberOfLogicalCPU="8"
	NumberOfPhysicalCPU="4"
	TotalVirtualMemory="2047"
	TotalPhysicalMemory="7676"
	LogicalProcessorsPerPhysical="2"
	ProcessorClockFrequency="3667.15"
	>
	<Testing>
		<StartDateTime>May 26 16:44 CEST</StartDateTime>
		<StartTestTime>1748270662</StartTestTime>
		<TestList/>
		<EndDateTime>May 26 16:44 CEST</EndDateTime>
		<EndTestTime>1748270662</EndTestTime>
		<ElapsedMinutes>0</ElapsedMinutes>
	</Testing>
</Site>
